2024-11-26 10:41:51 - INFO: Starting web scraping process...
2024-11-26 10:42:09 - INFO: Found 60 parts to scrape
2024-11-26 10:42:09 - ERROR: Error scraping https://www.jegs.com/i/ACC-Performance/082/49450/10002/-1: SB() got an unexpected keyword argument 'user_agent'
2024-11-26 10:42:09 - ERROR: Error scraping https://www.jegs.com/i/ACC-Performance/082/49450/10002/-1: SB() got an unexpected keyword argument 'user_agent'
2024-11-26 10:42:09 - ERROR: Error scraping https://www.jegs.com/i/ACC-Performance/082/49451/10002/-1: SB() got an unexpected keyword argument 'user_agent'
2024-11-26 10:42:09 - ERROR: Error scraping https://www.jegs.com/i/ACC-Performance/082/49451/10002/-1: SB() got an unexpected keyword argument 'user_agent'
2024-11-26 10:42:09 - ERROR: Error scraping https://www.jegs.com/i/ACC-Performance/082/49453/10002/-1: SB() got an unexpected keyword argument 'user_agent'
2024-11-26 10:42:09 - ERROR: Error scraping https://www.jegs.com/i/ACC-Performance/082/49453/10002/-1: SB() got an unexpected keyword argument 'user_agent'
2024-11-26 10:42:09 - ERROR: Error scraping https://www.jegs.com/i/ACC-Performance/082/49440/10002/-1: SB() got an unexpected keyword argument 'user_agent'
2024-11-26 10:42:09 - ERROR: Error scraping https://www.jegs.com/i/ACC-Performance/082/49440/10002/-1: SB() got an unexpected keyword argument 'user_agent'
2024-11-26 10:42:09 - ERROR: Error scraping https://www.jegs.com/i/ACC-Performance/082/48443/10002/-1: SB() got an unexpected keyword argument 'user_agent'
2024-11-26 10:42:09 - ERROR: Error scraping https://www.jegs.com/i/ACC-Performance/082/48443/10002/-1: SB() got an unexpected keyword argument 'user_agent'
2024-11-26 10:42:09 - ERROR: Error scraping https://www.jegs.com/i/ACC-Performance/082/48441/10002/-1: SB() got an unexpected keyword argument 'user_agent'
2024-11-26 10:42:09 - ERROR: Error scraping https://www.jegs.com/i/ACC-Performance/082/48441/10002/-1: SB() got an unexpected keyword argument 'user_agent'
2024-11-26 10:42:09 - ERROR: Error scraping https://www.jegs.com/i/ACC-Performance/082/47000/10002/-1: SB() got an unexpected keyword argument 'user_agent'
2024-11-26 10:42:09 - ERROR: Error scraping https://www.jegs.com/i/ACC-Performance/082/47000/10002/-1: SB() got an unexpected keyword argument 'user_agent'
2024-11-26 10:42:09 - ERROR: Error scraping https://www.jegs.com/i/ACC-Performance/082/21192/10002/-1: SB() got an unexpected keyword argument 'user_agent'
2024-11-26 10:42:09 - ERROR: Error scraping https://www.jegs.com/i/ACC-Performance/082/21192/10002/-1: SB() got an unexpected keyword argument 'user_agent'
2024-11-26 10:42:09 - ERROR: Error scraping https://www.jegs.com/i/ACC-Performance/082/4749E/10002/-1: SB() got an unexpected keyword argument 'user_agent'
2024-11-26 10:42:09 - ERROR: Error scraping https://www.jegs.com/i/ACC-Performance/082/4749E/10002/-1: SB() got an unexpected keyword argument 'user_agent'
2024-11-26 10:42:09 - ERROR: Error scraping https://www.jegs.com/i/ACC-Performance/082/10014/10002/-1: SB() got an unexpected keyword argument 'user_agent'
2024-11-26 10:42:09 - ERROR: Error scraping https://www.jegs.com/i/ACC-Performance/082/10014/10002/-1: SB() got an unexpected keyword argument 'user_agent'
2024-11-26 10:42:09 - ERROR: Error scraping https://www.jegs.com/i/ACC-Performance/082/53023/10002/-1: SB() got an unexpected keyword argument 'user_agent'
2024-11-26 10:42:09 - ERROR: Error scraping https://www.jegs.com/i/ACC-Performance/082/53023/10002/-1: SB() got an unexpected keyword argument 'user_agent'
2024-11-26 10:42:09 - ERROR: Error scraping https://www.jegs.com/i/ACC-Performance/082/53083/10002/-1: SB() got an unexpected keyword argument 'user_agent'
2024-11-26 10:42:09 - ERROR: Error scraping https://www.jegs.com/i/ACC-Performance/082/53083/10002/-1: SB() got an unexpected keyword argument 'user_agent'
2024-11-26 10:42:09 - ERROR: Error scraping https://www.jegs.com/i/ACC-Performance/082/49441/10002/-1: SB() got an unexpected keyword argument 'user_agent'
2024-11-26 10:42:09 - ERROR: Error scraping https://www.jegs.com/i/ACC-Performance/082/49441/10002/-1: SB() got an unexpected keyword argument 'user_agent'
2024-11-26 10:42:09 - ERROR: Error scraping https://www.jegs.com/i/ACC-Performance/082/4945HD/10002/-1: SB() got an unexpected keyword argument 'user_agent'
2024-11-26 10:42:09 - ERROR: Error scraping https://www.jegs.com/i/ACC-Performance/082/4945HD/10002/-1: SB() got an unexpected keyword argument 'user_agent'
2024-11-26 10:42:09 - ERROR: Error scraping https://www.jegs.com/i/ACC-Performance/082/54053/10002/-1: SB() got an unexpected keyword argument 'user_agent'
2024-11-26 10:42:09 - ERROR: Error scraping https://www.jegs.com/i/ACC-Performance/082/54053/10002/-1: SB() got an unexpected keyword argument 'user_agent'
2024-11-26 10:42:09 - ERROR: Error scraping https://www.jegs.com/i/ACC-Performance/082/4844HD/10002/-1: SB() got an unexpected keyword argument 'user_agent'
2024-11-26 10:42:09 - ERROR: Error scraping https://www.jegs.com/i/ACC-Performance/082/4844HD/10002/-1: SB() got an unexpected keyword argument 'user_agent'
2024-11-26 10:42:09 - ERROR: Error scraping https://www.jegs.com/i/ACC-Performance/082/49481/10002/-1: SB() got an unexpected keyword argument 'user_agent'
2024-11-26 10:42:09 - ERROR: Error scraping https://www.jegs.com/i/ACC-Performance/082/49481/10002/-1: SB() got an unexpected keyword argument 'user_agent'
2024-11-26 10:42:09 - ERROR: Error scraping https://www.jegs.com/i/ACC-Performance/082/4949HD/10002/-1: SB() got an unexpected keyword argument 'user_agent'
2024-11-26 10:42:09 - ERROR: Error scraping https://www.jegs.com/i/ACC-Performance/082/4949HD/10002/-1: SB() got an unexpected keyword argument 'user_agent'
2024-11-26 10:42:09 - ERROR: Error scraping https://www.jegs.com/i/ACC-Performance/082/10012/10002/-1: SB() got an unexpected keyword argument 'user_agent'
2024-11-26 10:42:09 - ERROR: Error scraping https://www.jegs.com/i/ACC-Performance/082/10012/10002/-1: SB() got an unexpected keyword argument 'user_agent'
2024-11-26 10:42:09 - ERROR: Error scraping https://www.jegs.com/i/ACC-Performance/082/46011/10002/-1: SB() got an unexpected keyword argument 'user_agent'
2024-11-26 10:42:09 - ERROR: Error scraping https://www.jegs.com/i/ACC-Performance/082/46011/10002/-1: SB() got an unexpected keyword argument 'user_agent'
2024-11-26 10:42:09 - ERROR: Error scraping https://www.jegs.com/i/ACC-Performance/082/25040/10002/-1: SB() got an unexpected keyword argument 'user_agent'
2024-11-26 10:42:09 - ERROR: Error scraping https://www.jegs.com/i/ACC-Performance/082/25040/10002/-1: SB() got an unexpected keyword argument 'user_agent'
2024-11-26 10:42:09 - ERROR: Error scraping https://www.jegs.com/i/ACC-Performance/082/34043/10002/-1: SB() got an unexpected keyword argument 'user_agent'
2024-11-26 10:42:09 - ERROR: Error scraping https://www.jegs.com/i/ACC-Performance/082/34043/10002/-1: SB() got an unexpected keyword argument 'user_agent'
2024-11-26 10:42:09 - ERROR: Error scraping https://www.jegs.com/i/ACC-Performance/082/10016/10002/-1: SB() got an unexpected keyword argument 'user_agent'
2024-11-26 10:42:09 - ERROR: Error scraping https://www.jegs.com/i/ACC-Performance/082/10016/10002/-1: SB() got an unexpected keyword argument 'user_agent'
2024-11-26 10:42:09 - ERROR: Error scraping https://www.jegs.com/i/ACC-Performance/082/46000/10002/-1: SB() got an unexpected keyword argument 'user_agent'
2024-11-26 10:42:09 - ERROR: Error scraping https://www.jegs.com/i/ACC-Performance/082/46000/10002/-1: SB() got an unexpected keyword argument 'user_agent'
2024-11-26 10:42:09 - ERROR: Error scraping https://www.jegs.com/i/ACC-Performance/082/34000/10002/-1: SB() got an unexpected keyword argument 'user_agent'
2024-11-26 10:42:09 - ERROR: Error scraping https://www.jegs.com/i/ACC-Performance/082/34000/10002/-1: SB() got an unexpected keyword argument 'user_agent'
2024-11-26 10:42:09 - ERROR: Error scraping https://www.jegs.com/i/ACC-Performance/082/10015/10002/-1: SB() got an unexpected keyword argument 'user_agent'
2024-11-26 10:42:09 - ERROR: Error scraping https://www.jegs.com/i/ACC-Performance/082/10015/10002/-1: SB() got an unexpected keyword argument 'user_agent'
2024-11-26 10:42:09 - ERROR: Error scraping https://www.jegs.com/i/ACC-Performance/082/25032/10002/-1: SB() got an unexpected keyword argument 'user_agent'
2024-11-26 10:42:09 - ERROR: Error scraping https://www.jegs.com/i/ACC-Performance/082/25032/10002/-1: SB() got an unexpected keyword argument 'user_agent'
2024-11-26 10:42:09 - ERROR: Error scraping https://www.jegs.com/i/ACC-Performance/082/48440/10002/-1: SB() got an unexpected keyword argument 'user_agent'
2024-11-26 10:42:09 - ERROR: Error scraping https://www.jegs.com/i/ACC-Performance/082/48440/10002/-1: SB() got an unexpected keyword argument 'user_agent'
2024-11-26 10:42:09 - ERROR: Error scraping https://www.jegs.com/i/ACC-Performance/082/48403/10002/-1: SB() got an unexpected keyword argument 'user_agent'
2024-11-26 10:42:09 - ERROR: Error scraping https://www.jegs.com/i/ACC-Performance/082/48403/10002/-1: SB() got an unexpected keyword argument 'user_agent'
2024-11-26 10:42:09 - ERROR: Error scraping https://www.jegs.com/i/ACC-Performance/082/47012/10002/-1: SB() got an unexpected keyword argument 'user_agent'
2024-11-26 10:42:09 - ERROR: Error scraping https://www.jegs.com/i/ACC-Performance/082/47012/10002/-1: SB() got an unexpected keyword argument 'user_agent'
2024-11-26 10:42:09 - INFO: Successfully scraped 0 parts
2024-11-26 10:42:09 - WARNING: No data to save!
2024-11-26 10:42:09 - INFO: Scraping completed successfully!
